生成启动时间为 2014/5/27 19:26:30。
     1>项目“c:\Users\wuhao\documents\visual studio 2010\Projects\UnimrcpGuard\UnimrcpGuard\UnimrcpGuard.vcxproj”在节点 2 上(build 个目标)。
     1>InitializeBuildStatus:
         正在对“Debug\UnimrcpGuard.unsuccessfulbuild”执行 Touch 任务。
       ClCompile:
         C:\Program Files (x86)\Microsoft Visual Studio 10.0\VC\bin\CL.exe /c /ZI /nologo /W3 /WX- /Od /Oy- /D WIN32 /D _DEBUG /D _CONSOLE /D _MBCS /Gm /EHsc /RTC1 /MDd /GS /fp:precise /Zc:wchar_t /Zc:forScope /Fo"Debug\\" /Fd"Debug\vc100.pdb" /Gd /TP /analyze- /errorReport:prompt Log.cpp
         Log.cpp
     1>c:\users\wuhao\documents\visual studio 2010\projects\unimrcpguard\unimrcpguard\log.cpp(36): warning C4996: 'localtime': This function or variable may be unsafe. Consider using localtime_s instead. To disable deprecation, use _CRT_SECURE_NO_WARNINGS. See online help for details.
                 c:\program files (x86)\microsoft visual studio 10.0\vc\include\time.inl(112) : 参见“localtime”的声明
     1>c:\users\wuhao\documents\visual studio 2010\projects\unimrcpguard\unimrcpguard\log.cpp(149): warning C4996: 'strcpy': This function or variable may be unsafe. Consider using strcpy_s instead. To disable deprecation, use _CRT_SECURE_NO_WARNINGS. See online help for details.
                 c:\program files (x86)\microsoft visual studio 10.0\vc\include\string.h(105) : 参见“strcpy”的声明
     1>c:\users\wuhao\documents\visual studio 2010\projects\unimrcpguard\unimrcpguard\log.cpp(150): warning C4996: 'strcpy': This function or variable may be unsafe. Consider using strcpy_s instead. To disable deprecation, use _CRT_SECURE_NO_WARNINGS. See online help for details.
                 c:\program files (x86)\microsoft visual studio 10.0\vc\include\string.h(105) : 参见“strcpy”的声明
     1>c:\users\wuhao\documents\visual studio 2010\projects\unimrcpguard\unimrcpguard\log.cpp(151): warning C4996: 'strcpy': This function or variable may be unsafe. Consider using strcpy_s instead. To disable deprecation, use _CRT_SECURE_NO_WARNINGS. See online help for details.
                 c:\program files (x86)\microsoft visual studio 10.0\vc\include\string.h(105) : 参见“strcpy”的声明
     1>c:\users\wuhao\documents\visual studio 2010\projects\unimrcpguard\unimrcpguard\log.cpp(152): warning C4996: 'access': The POSIX name for this item is deprecated. Instead, use the ISO C++ conformant name: _access. See online help for details.
                 c:\program files (x86)\microsoft visual studio 10.0\vc\include\io.h(299) : 参见“access”的声明
     1>c:\users\wuhao\documents\visual studio 2010\projects\unimrcpguard\unimrcpguard\log.cpp(153): warning C4996: 'access': The POSIX name for this item is deprecated. Instead, use the ISO C++ conformant name: _access. See online help for details.
                 c:\program files (x86)\microsoft visual studio 10.0\vc\include\io.h(299) : 参见“access”的声明
     1>c:\users\wuhao\documents\visual studio 2010\projects\unimrcpguard\unimrcpguard\log.cpp(339): warning C4018: “<”: 有符号/无符号不匹配
     1>c:\users\wuhao\documents\visual studio 2010\projects\unimrcpguard\unimrcpguard\log.cpp(343): warning C4018: “<”: 有符号/无符号不匹配
     1>c:\users\wuhao\documents\visual studio 2010\projects\unimrcpguard\unimrcpguard\log.cpp(354): warning C4996: 'localtime': This function or variable may be unsafe. Consider using localtime_s instead. To disable deprecation, use _CRT_SECURE_NO_WARNINGS. See online help for details.
                 c:\program files (x86)\microsoft visual studio 10.0\vc\include\time.inl(112) : 参见“localtime”的声明
     1>c:\users\wuhao\documents\visual studio 2010\projects\unimrcpguard\unimrcpguard\log.cpp(360): warning C4018: “<”: 有符号/无符号不匹配
     1>c:\users\wuhao\documents\visual studio 2010\projects\unimrcpguard\unimrcpguard\log.cpp(368): warning C4018: “<”: 有符号/无符号不匹配
       ManifestResourceCompile:
         C:\Program Files (x86)\Microsoft SDKs\Windows\v7.0A\bin\rc.exe /nologo /fo"Debug\UnimrcpGuard.exe.embed.manifest.res" Debug\UnimrcpGuard_manifest.rc 
       Link:
         C:\Program Files (x86)\Microsoft Visual Studio 10.0\VC\bin\link.exe /ERRORREPORT:PROMPT /OUT:"c:\users\wuhao\documents\visual studio 2010\Projects\UnimrcpGuard\Debug\UnimrcpGuard.exe" /INCREMENTAL /NOLOGO kernel32.lib user32.lib gdi32.lib winspool.lib comdlg32.lib advapi32.lib shell32.lib ole32.lib oleaut32.lib uuid.lib odbc32.lib odbccp32.lib /MANIFEST /ManifestFile:"Debug\UnimrcpGuard.exe.intermediate.manifest" /MANIFESTUAC:"level='asInvoker' uiAccess='false'" /DEBUG /PDB:"c:\users\wuhao\documents\visual studio 2010\Projects\UnimrcpGuard\Debug\UnimrcpGuard.pdb" /SUBSYSTEM:CONSOLE /TLBID:1 /DYNAMICBASE /NXCOMPAT /IMPLIB:"c:\users\wuhao\documents\visual studio 2010\Projects\UnimrcpGuard\Debug\UnimrcpGuard.lib" /MACHINE:X86 Debug\UnimrcpGuard.exe.embed.manifest.res
         Debug\Log.obj
         Debug\UnimrcpGuard.obj
         Debug\unzip.obj
         Debug\zip.obj
       Manifest:
         C:\Program Files (x86)\Microsoft SDKs\Windows\v7.0A\bin\mt.exe /nologo /verbose /out:"Debug\UnimrcpGuard.exe.embed.manifest" /manifest Debug\UnimrcpGuard.exe.intermediate.manifest
         C:\Program Files (x86)\Microsoft SDKs\Windows\v7.0A\bin\rc.exe /nologo /fo"Debug\UnimrcpGuard.exe.embed.manifest.res" Debug\UnimrcpGuard_manifest.rc 
       LinkEmbedManifest:
         C:\Program Files (x86)\Microsoft Visual Studio 10.0\VC\bin\link.exe /ERRORREPORT:PROMPT /OUT:"c:\users\wuhao\documents\visual studio 2010\Projects\UnimrcpGuard\Debug\UnimrcpGuard.exe" /INCREMENTAL /NOLOGO kernel32.lib user32.lib gdi32.lib winspool.lib comdlg32.lib advapi32.lib shell32.lib ole32.lib oleaut32.lib uuid.lib odbc32.lib odbccp32.lib /MANIFEST /ManifestFile:"Debug\UnimrcpGuard.exe.intermediate.manifest" /MANIFESTUAC:"level='asInvoker' uiAccess='false'" /DEBUG /PDB:"c:\users\wuhao\documents\visual studio 2010\Projects\UnimrcpGuard\Debug\UnimrcpGuard.pdb" /SUBSYSTEM:CONSOLE /TLBID:1 /DYNAMICBASE /NXCOMPAT /IMPLIB:"c:\users\wuhao\documents\visual studio 2010\Projects\UnimrcpGuard\Debug\UnimrcpGuard.lib" /MACHINE:X86 Debug\UnimrcpGuard.exe.embed.manifest.res
         Debug\Log.obj
         Debug\UnimrcpGuard.obj
         Debug\unzip.obj
         Debug\zip.obj
         UnimrcpGuard.vcxproj -> c:\users\wuhao\documents\visual studio 2010\Projects\UnimrcpGuard\Debug\UnimrcpGuard.exe
       FinalizeBuildStatus:
         正在删除文件“Debug\UnimrcpGuard.unsuccessfulbuild”。
         正在对“Debug\UnimrcpGuard.lastbuildstate”执行 Touch 任务。
     1>已完成生成项目“c:\Users\wuhao\documents\visual studio 2010\Projects\UnimrcpGuard\UnimrcpGuard\UnimrcpGuard.vcxproj”(build 个目标)的操作。

生成成功。

已用时间 00:00:04.10
